\BOOKMARK [1][-]{section.1}{Differentials}{}% 1
\BOOKMARK [2][-]{subsection.1.1}{Affine \(algebraic\) definition}{section.1}% 2
\BOOKMARK [2][-]{subsection.1.2}{Local complete intersections}{section.1}% 3
\BOOKMARK [2][-]{subsection.1.3}{Definition by universal property}{section.1}% 4
\BOOKMARK [2][-]{subsection.1.4}{Global definition by conormals}{section.1}% 5
\BOOKMARK [1][-]{section.2}{Smoothness and differentials}{}% 6
\BOOKMARK [2][-]{subsection.2.1}{Review of dimension}{section.2}% 7
\BOOKMARK [2][-]{subsection.2.2}{Smoothness over a field}{section.2}% 8
\BOOKMARK [2][-]{subsection.2.3}{Smoothness of a morphism}{section.2}% 9
\BOOKMARK [2][-]{subsection.2.4}{The cotangent complex}{section.2}% 10
\BOOKMARK [1][-]{section.3}{Euler exact sequence}{}% 11
\BOOKMARK [1][-]{section.4}{Cech cohomology}{}% 12
\BOOKMARK [1][-]{section.5}{Some derived formalism}{}% 13
\BOOKMARK [2][-]{subsection.5.1}{Dg categories and triangulated categories}{section.5}% 14
\BOOKMARK [2][-]{subsection.5.2}{Derived categories and localization}{section.5}% 15
\BOOKMARK [2][-]{subsection.5.3}{Derived functors}{section.5}% 16
\BOOKMARK [2][-]{subsection.5.4}{K-injective and K-projective complexes}{section.5}% 17
\BOOKMARK [2][-]{subsection.5.5}{Generators of triangulated categories}{section.5}% 18
\BOOKMARK [1][-]{section.6}{Derived categories in algebraic geometry}{}% 19
\BOOKMARK [2][-]{subsection.6.1}{The derived category of coherent sheaves on Pnk}{section.6}% 20
\BOOKMARK [2][-]{subsection.6.2}{Derived pushforward}{section.6}% 21
\BOOKMARK [2][-]{subsection.6.3}{Derived pullback}{section.6}% 22
\BOOKMARK [2][-]{subsection.6.4}{Base change and projection formula}{section.6}% 23
\BOOKMARK [1][-]{section.7}{Serre duality, local duality}{}% 24
\BOOKMARK [2][-]{subsection.7.1}{Statements of Serre duality}{section.7}% 25
\BOOKMARK [2][-]{subsection.7.2}{Easiest non-affine: X = Pn}{section.7}% 26
\BOOKMARK [2][-]{subsection.7.3}{Formal aspects of Grothendieck duality}{section.7}% 27
\BOOKMARK [2][-]{subsection.7.4}{Exceptional pullback for closed embeddings}{section.7}% 28
\BOOKMARK [2][-]{subsection.7.5}{Grothendieck local duality}{section.7}% 29
\BOOKMARK [1][-]{section.8}{Riemann-Roch}{}% 30
\BOOKMARK [2][-]{subsection.8.1}{Some history and generalizations}{section.8}% 31
\BOOKMARK [2][-]{subsection.8.2}{Riemann-Roch for regular projective curves}{section.8}% 32
\BOOKMARK [2][-]{subsection.8.3}{Riemann-Roch for integral \(possibly singular\) curves}{section.8}% 33
\BOOKMARK [2][-]{subsection.8.4}{Riemann-Roch for non-integral curves}{section.8}% 34
\BOOKMARK [1][-]{section.9}{Hilbert functions}{}% 35
\BOOKMARK [1][-]{section.10}{Riemann-Hurwitz}{}% 36
\BOOKMARK [2][-]{subsection.10.1}{Ramification}{section.10}% 37
\BOOKMARK [2][-]{subsection.10.2}{The ramification locus for separable morphisms}{section.10}% 38
\BOOKMARK [2][-]{subsection.10.3}{Ramification on curves and Riemann-Hurwitz}{section.10}% 39
\BOOKMARK [2][-]{subsection.10.4}{Applications of Riemann-Hurwitz}{section.10}% 40
\BOOKMARK [1][-]{section.11}{More on curves}{}% 41
\BOOKMARK [2][-]{subsection.11.1}{Line bundles and embeddings}{section.11}% 42
\BOOKMARK [2][-]{subsection.11.2}{Genus 0 curves}{section.11}% 43
\BOOKMARK [2][-]{subsection.11.3}{Hyperelliptic curves}{section.11}% 44
\BOOKMARK [2][-]{subsection.11.4}{Elliptic curves}{section.11}% 45
\BOOKMARK [2][-]{subsection.11.5}{Degeneration of elliptic curves into rational nodal and cuspidal curves}{section.11}% 46
\BOOKMARK [1][-]{section.12}{Flatness as a notion of good behavior in families}{}% 47
\BOOKMARK [2][-]{subsection.12.1}{Definition of flat and faithfully flat}{section.12}% 48
\BOOKMARK [2][-]{subsection.12.2}{Flat limits}{section.12}% 49
\BOOKMARK [2][-]{subsection.12.3}{Dimension is constant in flat families}{section.12}% 50
\BOOKMARK [2][-]{subsection.12.4}{Euler characteristic is constant in flat families}{section.12}% 51
\BOOKMARK [1][-]{section.13}{Base change and upper semicontinuity}{}% 52
\BOOKMARK [2][-]{subsection.13.1}{Upper semicontinuity}{section.13}% 53
\BOOKMARK [2][-]{subsection.13.2}{Grauert's theroem and base change theorem}{section.13}% 54
\BOOKMARK [1][-]{section.14}{Hilbert and Quot schemes}{}% 55
\BOOKMARK [2][-]{subsection.14.1}{Definition, statements, and plan}{section.14}% 56
\BOOKMARK [2][-]{subsection.14.2}{The Grassmannian}{section.14}% 57
\BOOKMARK [2][-]{subsection.14.3}{Castelnuovo-Mumford regularity}{section.14}% 58
\BOOKMARK [2][-]{subsection.14.4}{Flattening stratification}{section.14}% 59
